
=== Fri Nov  6 09:37:49 2020

Packages were changed.
Update Mode: mergeDefaultDependencies

The following packages were 추가됨:
  com.unity.collab-proxy@1.3.9
  com.unity.ide.rider@1.2.1
  com.unity.ide.visualstudio@2.0.3
  com.unity.ide.vscode@1.2.2
  com.unity.modules.ai@1.0.0
  com.unity.modules.androidjni@1.0.0
  com.unity.modules.animation@1.0.0
  com.unity.modules.assetbundle@1.0.0
  com.unity.modules.audio@1.0.0
  com.unity.modules.cloth@1.0.0
  com.unity.modules.director@1.0.0
  com.unity.modules.imageconversion@1.0.0
  com.unity.modules.imgui@1.0.0
  com.unity.modules.jsonserialize@1.0.0
  com.unity.modules.particlesystem@1.0.0
  com.unity.modules.physics@1.0.0
  com.unity.modules.physics2d@1.0.0
  com.unity.modules.screencapture@1.0.0
  com.unity.modules.terrain@1.0.0
  com.unity.modules.terrainphysics@1.0.0
  com.unity.modules.tilemap@1.0.0
  com.unity.modules.ui@1.0.0
  com.unity.modules.uielements@1.0.0
  com.unity.modules.umbra@1.0.0
  com.unity.modules.unityanalytics@1.0.0
  com.unity.modules.unitywebrequest@1.0.0
  com.unity.modules.unitywebrequestassetbundle@1.0.0
  com.unity.modules.unitywebrequestaudio@1.0.0
  com.unity.modules.unitywebrequesttexture@1.0.0
  com.unity.modules.unitywebrequestwww@1.0.0
  com.unity.modules.vehicles@1.0.0
  com.unity.modules.video@1.0.0
  com.unity.modules.vr@1.0.0
  com.unity.modules.wind@1.0.0
  com.unity.modules.xr@1.0.0
  com.unity.test-framework@1.1.18
  com.unity.textmeshpro@3.0.1
  com.unity.timeline@1.3.6
  com.unity.ugui@1.0.0

=== Mon Dec 21 14:46:54 2020

Packages were changed.
Update Mode: updateDependencies

The following packages were 업데이트됨:
  com.unity.ide.visualstudio 2.0.3 버전에서 2.0.5버전으로  com.unity.ide.vscode 1.2.2 버전에서 1.2.3버전으로  com.unity.test-framework 1.1.18 버전에서 1.1.19버전으로
=== Thu Dec 24 05:37:57 2020

Packages were changed.
Update Mode: updateDependencies

The following packages were 업데이트됨:
  com.unity.ide.rider 1.2.1 버전에서 2.0.7버전으로
=== Tue Feb  2 11:55:32 2021

Packages were changed.
Update Mode: updateDependencies

The following packages were 업데이트됨:
  com.unity.test-framework 1.1.19 버전에서 1.1.20버전으로
=== Tue Mar 30 22:15:00 2021

Packages were changed.
Update Mode: updateDependencies

The following packages were 업데이트됨:
  com.unity.ide.rider 2.0.7 버전에서 3.0.5버전으로  com.unity.ide.visualstudio 2.0.5 버전에서 2.0.7버전으로  com.unity.test-framework 1.1.20 버전에서 1.1.22버전으로  com.unity.textmeshpro 3.0.1 버전에서 3.0.4버전으로  com.unity.timeline 1.3.6 버전에서 1.5.2버전으로
=== Fri Apr 30 15:40:04 2021

Packages were changed.
Update Mode: updateDependencies

The following packages were 업데이트됨:
  com.unity.test-framework 1.1.22 버전에서 1.1.24버전으로  com.unity.timeline 1.5.2 버전에서 1.5.4버전으로
=== Sat Jun  5 14:47:36 2021

Packages were changed.
Update Mode: updateDependencies

The following packages were 업데이트됨:
  com.unity.collab-proxy 1.3.9 버전에서 1.5.7버전으로  com.unity.ide.rider 3.0.5 버전에서 3.0.6버전으로  com.unity.ide.visualstudio 2.0.7 버전에서 2.0.8버전으로  com.unity.textmeshpro 3.0.4 버전에서 3.0.6버전으로  com.unity.timeline 1.5.4 버전에서 1.5.5버전으로
=== Fri Jun 25 12:06:23 2021

Packages were changed.
Update Mode: updateDependencies

The following packages were 업데이트됨:
  com.unity.ide.rider 3.0.6 버전에서 3.0.7버전으로  com.unity.ide.visualstudio 2.0.8 버전에서 2.0.9버전으로
=== Tue Jul 13 22:26:06 2021

Packages were changed.
Update Mode: updateDependencies

The following packages were 업데이트됨:
  com.unity.test-framework 1.1.24 버전에서 1.1.27버전으로
=== Tue Aug 24 15:00:36 2021

Packages were changed.
Update Mode: updateDependencies

The following packages were 업데이트됨:
  com.unity.collab-proxy 1.5.7 버전에서 1.7.1버전으로  com.unity.timeline 1.5.5 버전에서 1.5.6버전으로
=== Sat Sep  4 18:18:31 2021

Packages were changed.
Update Mode: updateDependencies

The following packages were 업데이트됨:
  com.unity.collab-proxy 1.7.1 버전에서 1.9.0버전으로
=== Sat Sep 25 21:46:54 2021

Packages were changed.
Update Mode: updateDependencies

The following packages were 업데이트됨:
  com.unity.ide.vscode 1.2.3 버전에서 1.2.4버전으로